<?xml version="1.0" encoding="UTF-8"?>
<coverage generated="1688078094596" clover="3.2.0">
  <project timestamp="1688078094596" name="All files">
    <metrics statements="17" coveredstatements="14" conditionals="1" coveredconditionals="1" methods="4" coveredmethods="2" elements="22" coveredelements="17" complexity="0" loc="17" ncloc="17" packages="2" files="2" classes="2"/>
    <package name="components">
      <metrics statements="6" coveredstatements="3" conditionals="0" coveredconditionals="0" methods="2" coveredmethods="0"/>
      <file name="Counter.tsx" path="C:\Users\betot\Documents\Projects\Aulas\Modulo II\unity-testing\src\components\Counter.tsx">
        <metrics statements="6" coveredstatements="3" conditionals="0" coveredconditionals="0" methods="2" coveredmethods="0"/>
        <line num="1" count="1" type="stmt"/>
        <line num="3" count="1" type="stmt"/>
        <line num="4" count="0" type="stmt"/>
        <line num="6" count="0" type="stmt"/>
        <line num="9" count="0" type="stmt"/>
        <line num="14" count="1" type="stmt"/>
      </file>
    </package>
    <package name="utils">
      <metrics statements="11" coveredstatements="11" conditionals="1" coveredconditionals="1" methods="2" coveredmethods="2"/>
      <file name="functions.ts" path="C:\Users\betot\Documents\Projects\Aulas\Modulo II\unity-testing\src\utils\functions.ts">
        <metrics statements="11" coveredstatements="11" conditionals="1" coveredconditionals="1" methods="2" coveredmethods="2"/>
        <line num="1" count="1" type="stmt"/>
        <line num="2" count="2" type="stmt"/>
        <line num="3" count="2" type="stmt"/>
        <line num="5" count="2" type="stmt"/>
        <line num="6" count="20" type="cond" truecount="1" falsecount="0"/>
        <line num="7" count="1" type="stmt"/>
        <line num="8" count="1" type="stmt"/>
        <line num="10" count="19" type="stmt"/>
        <line num="13" count="2" type="stmt"/>
        <line num="16" count="1" type="stmt"/>
        <line num="17" count="1" type="stmt"/>
      </file>
    </package>
  </project>
</coverage>
