{"C:\\Users\\betot\\Documents\\Projects\\Aulas\\Modulo II\\unity-testing\\src\\components\\Counter.tsx": {"path":"C:\\Users\\betot\\Documents\\Projects\\Aulas\\Modulo II\\unity-testing\\src\\components\\Counter.tsx","statementMap":{"0":{"start":{"line":1,"column":0},"end":{"line":1,"column":32}},"1":{"start":{"line":3,"column":16},"end":{"line":12,"column":1}},"2":{"start":{"line":4,"column":32},"end":{"line":4,"column":43}},"3":{"start":{"line":6,"column":2},"end":{"line":11,"column":null}},"4":{"start":{"line":9,"column":29},"end":{"line":9,"column":52}},"5":{"start":{"line":14,"column":0},"end":{"line":14,"column":null}}},"fnMap":{"0":{"name":"(anonymous_0)","decl":{"start":{"line":3,"column":16},"end":{"line":3,"column":19}},"loc":{"start":{"line":3,"column":21},"end":{"line":12,"column":1}}},"1":{"name":"(anonymous_1)","decl":{"start":{"line":9,"column":23},"end":{"line":9,"column":26}},"loc":{"start":{"line":9,"column":29},"end":{"line":9,"column":52}}}},"branchMap":{},"s":{"0":1,"1":1,"2":0,"3":0,"4":0,"5":1},"f":{"0":0,"1":0},"b":{}}
,"C:\\Users\\betot\\Documents\\Projects\\Aulas\\Modulo II\\unity-testing\\src\\utils\\functions.ts": {"path":"C:\\Users\\betot\\Documents\\Projects\\Aulas\\Modulo II\\unity-testing\\src\\utils\\functions.ts","statementMap":{"0":{"start":{"line":1,"column":29},"end":{"line":14,"column":1}},"1":{"start":{"line":2,"column":12},"end":{"line":2,"column":22}},"2":{"start":{"line":3,"column":16},"end":{"line":3,"column":20}},"3":{"start":{"line":5,"column":2},"end":{"line":11,"column":null}},"4":{"start":{"line":6,"column":4},"end":{"line":9,"column":null}},"5":{"start":{"line":7,"column":6},"end":{"line":7,"column":null}},"6":{"start":{"line":8,"column":6},"end":{"line":8,"column":11}},"7":{"start":{"line":10,"column":4},"end":{"line":10,"column":null}},"8":{"start":{"line":13,"column":2},"end":{"line":13,"column":null}},"9":{"start":{"line":1,"column":13},"end":{"line":1,"column":29}},"10":{"start":{"line":16,"column":31},"end":{"line":18,"column":1}},"11":{"start":{"line":17,"column":2},"end":{"line":17,"column":null}},"12":{"start":{"line":16,"column":13},"end":{"line":16,"column":31}}},"fnMap":{"0":{"name":"(anonymous_0)","decl":{"start":{"line":1,"column":29},"end":{"line":1,"column":30}},"loc":{"start":{"line":1,"column":48},"end":{"line":14,"column":1}}},"1":{"name":"(anonymous_1)","decl":{"start":{"line":16,"column":31},"end":{"line":16,"column":32}},"loc":{"start":{"line":16,"column":50},"end":{"line":18,"column":1}}}},"branchMap":{"0":{"loc":{"start":{"line":6,"column":4},"end":{"line":9,"column":null}},"type":"if","locations":[{"start":{"line":6,"column":4},"end":{"line":9,"column":null}}]}},"s":{"0":1,"1":2,"2":2,"3":2,"4":20,"5":1,"6":1,"7":19,"8":2,"9":1,"10":1,"11":1,"12":1},"f":{"0":2,"1":1},"b":{"0":[1]}}
}
